<?xml version="1.0" encoding="UTF-8"?>
<testng-results skipped="13" failed="0" total="13" passed="0">
  <reporter-output>
  </reporter-output>
  <suite name="SuiteName" duration-ms="2210" started-at="2018-08-29T14:46:46Z" finished-at="2018-08-29T14:46:49Z">
    <groups>
    </groups>
    <test name="Login Test" duration-ms="1788" started-at="2018-08-29T14:46:46Z" finished-at="2018-08-29T14:46:48Z">
      <class name="com.qtpselenium.zoho.project.testcases.LoginTest">
        <test-method status="PASS" signature="init()[pri:0, instance:com.qtpselenium.zoho.project.testcases.LoginTest@7a1ebcd8]" name="init" is-config="true" duration-ms="8" started-at="2018-08-29T20:16:47Z" finished-at="2018-08-29T20:16:47Z">
          <reporter-output>
          </reporter-output>
        </test-method> <!-- init -->
        <test-method status="PASS" signature="init()[pri:0, instance:com.qtpselenium.zoho.project.testcases.LoginTest@7a1ebcd8]" name="init" is-config="true" duration-ms="8" started-at="2018-08-29T20:16:47Z" finished-at="2018-08-29T20:16:47Z">
          <reporter-output>
          </reporter-output>
        </test-method> <!-- init -->
        <test-method status="SKIP" signature="doLoginTest(java.util.Hashtable)[pri:0, instance:com.qtpselenium.zoho.project.testcases.LoginTest@7a1ebcd8]" name="doLoginTest" duration-ms="8" started-at="2018-08-29T20:16:47Z" data-provider="getData" finished-at="2018-08-29T20:16:47Z">
          <params>
            <param index="0">
              <value>
                <![CDATA[{Username=kprabhat905@gmail.com, ExpectedResult=Y, Password=qwerty123, Runmode=Y, Browser=Chrome}]]>
              </value>
            </param>
          </params>
          <exception class="org.testng.SkipException">
            <message>
              <![CDATA[Skipping the test as runmode is N]]>
            </message>
            <full-stacktrace>
              <![CDATA[org.testng.SkipException: Skipping the test as runmode is N
	at com.qtpselenium.zoho.project.testcases.LoginTest.doLoginTest(LoginTest.java:29)
	at sun.reflect.NativeMethodAccessorImpl.invoke0(Native Method)
	at sun.reflect.NativeMethodAccessorImpl.invoke(NativeMethodAccessorImpl.java:62)
	at sun.reflect.DelegatingMethodAccessorImpl.invoke(DelegatingMethodAccessorImpl.java:43)
	at java.lang.reflect.Method.invoke(Method.java:498)
	at org.testng.internal.MethodInvocationHelper.invokeMethod(MethodInvocationHelper.java:85)
	at org.testng.internal.Invoker.invokeMethod(Invoker.java:639)
	at org.testng.internal.Invoker.invokeTestMethod(Invoker.java:816)
	at org.testng.internal.TestMethodWithDataProviderMethodWorker.call(TestMethodWithDataProviderMethodWorker.java:75)
	at org.testng.internal.TestMethodWithDataProviderMethodWorker.call(TestMethodWithDataProviderMethodWorker.java:14)
	at java.util.concurrent.FutureTask.run(FutureTask.java:266)
	at java.util.concurrent.Executors$RunnableAdapter.call(Executors.java:511)
	at java.util.concurrent.FutureTask.run(FutureTask.java:266)
	at java.util.concurrent.ThreadPoolExecutor.runWorker(ThreadPoolExecutor.java:1142)
	at java.util.concurrent.ThreadPoolExecutor$Worker.run(ThreadPoolExecutor.java:617)
	at java.lang.Thread.run(Thread.java:748)
]]>
            </full-stacktrace>
          </exception> <!-- org.testng.SkipException -->
          <reporter-output>
          </reporter-output>
        </test-method> <!-- doLoginTest -->
        <test-method status="SKIP" signature="doLoginTest(java.util.Hashtable)[pri:0, instance:com.qtpselenium.zoho.project.testcases.LoginTest@7a1ebcd8]" name="doLoginTest" duration-ms="5" started-at="2018-08-29T20:16:47Z" data-provider="getData" finished-at="2018-08-29T20:16:47Z">
          <params>
            <param index="0">
              <value>
                <![CDATA[{Username=dccd, ExpectedResult=Y, Password=cGtzamFpbWF0YWRpOTg5OTMzNjQ0Ng==, Runmode=N, Browser=Mozilla}]]>
              </value>
            </param>
          </params>
          <exception class="org.testng.SkipException">
            <message>
              <![CDATA[Skipping the test as runmode is N]]>
            </message>
            <full-stacktrace>
              <![CDATA[org.testng.SkipException: Skipping the test as runmode is N
	at com.qtpselenium.zoho.project.testcases.LoginTest.doLoginTest(LoginTest.java:29)
	at sun.reflect.NativeMethodAccessorImpl.invoke0(Native Method)
	at sun.reflect.NativeMethodAccessorImpl.invoke(NativeMethodAccessorImpl.java:62)
	at sun.reflect.DelegatingMethodAccessorImpl.invoke(DelegatingMethodAccessorImpl.java:43)
	at java.lang.reflect.Method.invoke(Method.java:498)
	at org.testng.internal.MethodInvocationHelper.invokeMethod(MethodInvocationHelper.java:85)
	at org.testng.internal.Invoker.invokeMethod(Invoker.java:639)
	at org.testng.internal.Invoker.invokeTestMethod(Invoker.java:816)
	at org.testng.internal.TestMethodWithDataProviderMethodWorker.call(TestMethodWithDataProviderMethodWorker.java:75)
	at org.testng.internal.TestMethodWithDataProviderMethodWorker.call(TestMethodWithDataProviderMethodWorker.java:14)
	at java.util.concurrent.FutureTask.run(FutureTask.java:266)
	at java.util.concurrent.Executors$RunnableAdapter.call(Executors.java:511)
	at java.util.concurrent.FutureTask.run(FutureTask.java:266)
	at java.util.concurrent.ThreadPoolExecutor.runWorker(ThreadPoolExecutor.java:1142)
	at java.util.concurrent.ThreadPoolExecutor$Worker.run(ThreadPoolExecutor.java:617)
	at java.lang.Thread.run(Thread.java:748)
]]>
            </full-stacktrace>
          </exception> <!-- org.testng.SkipException -->
          <reporter-output>
          </reporter-output>
        </test-method> <!-- doLoginTest -->
        <test-method status="PASS" signature="quit()[pri:0, instance:com.qtpselenium.zoho.project.testcases.LoginTest@7a1ebcd8]" name="quit" is-config="true" duration-ms="782" started-at="2018-08-29T20:16:47Z" finished-at="2018-08-29T20:16:48Z">
          <reporter-output>
          </reporter-output>
        </test-method> <!-- quit -->
        <test-method status="PASS" signature="quit()[pri:0, instance:com.qtpselenium.zoho.project.testcases.LoginTest@7a1ebcd8]" name="quit" is-config="true" duration-ms="629" started-at="2018-08-29T20:16:47Z" finished-at="2018-08-29T20:16:48Z">
          <reporter-output>
          </reporter-output>
        </test-method> <!-- quit -->
      </class> <!-- com.qtpselenium.zoho.project.testcases.LoginTest -->
    </test> <!-- Login Test -->
    <test name="Deal Test" duration-ms="1840" started-at="2018-08-29T14:46:46Z" finished-at="2018-08-29T14:46:48Z">
      <class name="com.qtpselenium.zoho.project.testcases.DealTest">
        <test-method status="PASS" signature="init()[pri:0, instance:com.qtpselenium.zoho.project.testcases.DealTest@7a187f14]" name="init" is-config="true" duration-ms="8" started-at="2018-08-29T20:16:47Z" finished-at="2018-08-29T20:16:47Z">
          <reporter-output>
          </reporter-output>
        </test-method> <!-- init -->
        <test-method status="SKIP" signature="createDealTest(java.util.Hashtable)[pri:1, instance:com.qtpselenium.zoho.project.testcases.DealTest@7a187f14]" name="createDealTest" duration-ms="457" started-at="2018-08-29T20:16:47Z" data-provider="getData" finished-at="2018-08-29T20:16:48Z">
          <params>
            <param index="0">
              <value>
                <![CDATA[{Runmode=Y, AccountName=Ford Motors, ClosingDate=5/8/2016, Stage=Qualification, DealName=Henry, Browser=Chrome}]]>
              </value>
            </param>
          </params>
          <exception class="org.testng.SkipException">
            <message>
              <![CDATA[Skipping the test as runmode is N]]>
            </message>
            <full-stacktrace>
              <![CDATA[org.testng.SkipException: Skipping the test as runmode is N
	at com.qtpselenium.zoho.project.testcases.DealTest.createDealTest(DealTest.java:32)
	at sun.reflect.NativeMethodAccessorImpl.invoke0(Native Method)
	at sun.reflect.NativeMethodAccessorImpl.invoke(NativeMethodAccessorImpl.java:62)
	at sun.reflect.DelegatingMethodAccessorImpl.invoke(DelegatingMethodAccessorImpl.java:43)
	at java.lang.reflect.Method.invoke(Method.java:498)
	at org.testng.internal.MethodInvocationHelper.invokeMethod(MethodInvocationHelper.java:85)
	at org.testng.internal.Invoker.invokeMethod(Invoker.java:639)
	at org.testng.internal.Invoker.invokeTestMethod(Invoker.java:816)
	at org.testng.internal.TestMethodWithDataProviderMethodWorker.call(TestMethodWithDataProviderMethodWorker.java:75)
	at org.testng.internal.TestMethodWithDataProviderMethodWorker.call(TestMethodWithDataProviderMethodWorker.java:14)
	at java.util.concurrent.FutureTask.run(FutureTask.java:266)
	at java.util.concurrent.Executors$RunnableAdapter.call(Executors.java:511)
	at java.util.concurrent.FutureTask.run(FutureTask.java:266)
	at java.util.concurrent.ThreadPoolExecutor.runWorker(ThreadPoolExecutor.java:1142)
	at java.util.concurrent.ThreadPoolExecutor$Worker.run(ThreadPoolExecutor.java:617)
	at java.lang.Thread.run(Thread.java:748)
]]>
            </full-stacktrace>
          </exception> <!-- org.testng.SkipException -->
          <reporter-output>
          </reporter-output>
        </test-method> <!-- createDealTest -->
        <test-method status="PASS" signature="quit()[pri:0, instance:com.qtpselenium.zoho.project.testcases.DealTest@7a187f14]" name="quit" is-config="true" duration-ms="385" started-at="2018-08-29T20:16:48Z" finished-at="2018-08-29T20:16:48Z">
          <reporter-output>
          </reporter-output>
        </test-method> <!-- quit -->
        <test-method status="SKIP" signature="deleteDealAccountTest(java.util.Hashtable)[pri:2, instance:com.qtpselenium.zoho.project.testcases.DealTest@7a187f14]" name="deleteDealAccountTest" duration-ms="0" started-at="2018-08-29T20:16:48Z" data-provider="getData" depends-on-methods="com.qtpselenium.zoho.project.testcases.DealTest.createDealTest" finished-at="2018-08-29T20:16:48Z">
          <exception class="java.lang.Throwable">
            <message>
              <![CDATA[Method DealTest.deleteDealAccountTest(java.util.Hashtable)[pri:2, instance:com.qtpselenium.zoho.project.testcases.DealTest@7a187f14] depends on not successfully finished methods]]>
            </message>
            <full-stacktrace>
              <![CDATA[java.lang.Throwable: Method DealTest.deleteDealAccountTest(java.util.Hashtable)[pri:2, instance:com.qtpselenium.zoho.project.testcases.DealTest@7a187f14] depends on not successfully finished methods
	at org.testng.internal.Invoker.invokeTestMethods(Invoker.java:1033)
	at org.testng.internal.TestMethodWorker.invokeTestMethods(TestMethodWorker.java:125)
	at org.testng.internal.TestMethodWorker.run(TestMethodWorker.java:108)
	at org.testng.TestRunner.privateRun(TestRunner.java:774)
	at org.testng.TestRunner.run(TestRunner.java:624)
	at org.testng.SuiteRunner.runTest(SuiteRunner.java:359)
	at org.testng.SuiteRunner.access$000(SuiteRunner.java:39)
	at org.testng.SuiteRunner$SuiteWorker.run(SuiteRunner.java:393)
	at org.testng.internal.thread.ThreadUtil$2.call(ThreadUtil.java:64)
	at java.util.concurrent.FutureTask.run(FutureTask.java:266)
	at java.util.concurrent.ThreadPoolExecutor.runWorker(ThreadPoolExecutor.java:1142)
	at java.util.concurrent.ThreadPoolExecutor$Worker.run(ThreadPoolExecutor.java:617)
	at java.lang.Thread.run(Thread.java:748)
]]>
            </full-stacktrace>
          </exception> <!-- java.lang.Throwable -->
          <reporter-output>
          </reporter-output>
        </test-method> <!-- deleteDealAccountTest -->
      </class> <!-- com.qtpselenium.zoho.project.testcases.DealTest -->
    </test> <!-- Deal Test -->
    <test name="Lead Test" duration-ms="2209" started-at="2018-08-29T14:46:46Z" finished-at="2018-08-29T14:46:49Z">
      <class name="com.qtpselenium.zoho.project.testcases.LeadTest1">
        <test-method status="PASS" signature="init()[pri:0, instance:com.qtpselenium.zoho.project.testcases.LeadTest1@3cb1ffe6]" name="init" is-config="true" duration-ms="8" started-at="2018-08-29T20:16:47Z" finished-at="2018-08-29T20:16:47Z">
          <reporter-output>
          </reporter-output>
        </test-method> <!-- init -->
        <test-method status="PASS" signature="init()[pri:0, instance:com.qtpselenium.zoho.project.testcases.LeadTest1@3cb1ffe6]" name="init" is-config="true" duration-ms="8" started-at="2018-08-29T20:16:47Z" finished-at="2018-08-29T20:16:47Z">
          <reporter-output>
          </reporter-output>
        </test-method> <!-- init -->
        <test-method status="PASS" signature="init()[pri:0, instance:com.qtpselenium.zoho.project.testcases.LeadTest1@3cb1ffe6]" name="init" is-config="true" duration-ms="9" started-at="2018-08-29T20:16:47Z" finished-at="2018-08-29T20:16:47Z">
          <reporter-output>
          </reporter-output>
        </test-method> <!-- init -->
        <test-method status="PASS" signature="init()[pri:0, instance:com.qtpselenium.zoho.project.testcases.LeadTest1@3cb1ffe6]" name="init" is-config="true" duration-ms="8" started-at="2018-08-29T20:16:47Z" finished-at="2018-08-29T20:16:47Z">
          <reporter-output>
          </reporter-output>
        </test-method> <!-- init -->
        <test-method status="SKIP" signature="createLeadTest(java.util.Hashtable)[pri:1, instance:com.qtpselenium.zoho.project.testcases.LeadTest1@3cb1ffe6]" name="createLeadTest" duration-ms="7" started-at="2018-08-29T20:16:47Z" data-provider="getData" finished-at="2018-08-29T20:16:47Z">
          <params>
            <param index="0">
              <value>
                <![CDATA[{LeadLastName=Watson, Runmode=N, LeadCompany=HP, Browser=Chrome}]]>
              </value>
            </param>
          </params>
          <exception class="org.testng.SkipException">
            <message>
              <![CDATA[Skipping the test as runmode is N]]>
            </message>
            <full-stacktrace>
              <![CDATA[org.testng.SkipException: Skipping the test as runmode is N
	at com.qtpselenium.zoho.project.testcases.LeadTest1.createLeadTest(LeadTest1.java:28)
	at sun.reflect.NativeMethodAccessorImpl.invoke0(Native Method)
	at sun.reflect.NativeMethodAccessorImpl.invoke(NativeMethodAccessorImpl.java:62)
	at sun.reflect.DelegatingMethodAccessorImpl.invoke(DelegatingMethodAccessorImpl.java:43)
	at java.lang.reflect.Method.invoke(Method.java:498)
	at org.testng.internal.MethodInvocationHelper.invokeMethod(MethodInvocationHelper.java:85)
	at org.testng.internal.Invoker.invokeMethod(Invoker.java:639)
	at org.testng.internal.Invoker.invokeTestMethod(Invoker.java:816)
	at org.testng.internal.TestMethodWithDataProviderMethodWorker.call(TestMethodWithDataProviderMethodWorker.java:75)
	at org.testng.internal.TestMethodWithDataProviderMethodWorker.call(TestMethodWithDataProviderMethodWorker.java:14)
	at java.util.concurrent.FutureTask.run(FutureTask.java:266)
	at java.util.concurrent.Executors$RunnableAdapter.call(Executors.java:511)
	at java.util.concurrent.FutureTask.run(FutureTask.java:266)
	at java.util.concurrent.ThreadPoolExecutor.runWorker(ThreadPoolExecutor.java:1142)
	at java.util.concurrent.ThreadPoolExecutor$Worker.run(ThreadPoolExecutor.java:617)
	at java.lang.Thread.run(Thread.java:748)
]]>
            </full-stacktrace>
          </exception> <!-- org.testng.SkipException -->
          <reporter-output>
          </reporter-output>
        </test-method> <!-- createLeadTest -->
        <test-method status="SKIP" signature="createLeadTest(java.util.Hashtable)[pri:1, instance:com.qtpselenium.zoho.project.testcases.LeadTest1@3cb1ffe6]" name="createLeadTest" duration-ms="6" started-at="2018-08-29T20:16:47Z" data-provider="getData" finished-at="2018-08-29T20:16:47Z">
          <params>
            <param index="0">
              <value>
                <![CDATA[{LeadLastName=Sam, Runmode=N, LeadCompany=Sony, Browser=Mozilla}]]>
              </value>
            </param>
          </params>
          <exception class="org.testng.SkipException">
            <message>
              <![CDATA[Skipping the test as runmode is N]]>
            </message>
            <full-stacktrace>
              <![CDATA[org.testng.SkipException: Skipping the test as runmode is N
	at com.qtpselenium.zoho.project.testcases.LeadTest1.createLeadTest(LeadTest1.java:28)
	at sun.reflect.NativeMethodAccessorImpl.invoke0(Native Method)
	at sun.reflect.NativeMethodAccessorImpl.invoke(NativeMethodAccessorImpl.java:62)
	at sun.reflect.DelegatingMethodAccessorImpl.invoke(DelegatingMethodAccessorImpl.java:43)
	at java.lang.reflect.Method.invoke(Method.java:498)
	at org.testng.internal.MethodInvocationHelper.invokeMethod(MethodInvocationHelper.java:85)
	at org.testng.internal.Invoker.invokeMethod(Invoker.java:639)
	at org.testng.internal.Invoker.invokeTestMethod(Invoker.java:816)
	at org.testng.internal.TestMethodWithDataProviderMethodWorker.call(TestMethodWithDataProviderMethodWorker.java:75)
	at org.testng.internal.TestMethodWithDataProviderMethodWorker.call(TestMethodWithDataProviderMethodWorker.java:14)
	at java.util.concurrent.FutureTask.run(FutureTask.java:266)
	at java.util.concurrent.Executors$RunnableAdapter.call(Executors.java:511)
	at java.util.concurrent.FutureTask.run(FutureTask.java:266)
	at java.util.concurrent.ThreadPoolExecutor.runWorker(ThreadPoolExecutor.java:1142)
	at java.util.concurrent.ThreadPoolExecutor$Worker.run(ThreadPoolExecutor.java:617)
	at java.lang.Thread.run(Thread.java:748)
]]>
            </full-stacktrace>
          </exception> <!-- org.testng.SkipException -->
          <reporter-output>
          </reporter-output>
        </test-method> <!-- createLeadTest -->
        <test-method status="SKIP" signature="createLeadTest(java.util.Hashtable)[pri:1, instance:com.qtpselenium.zoho.project.testcases.LeadTest1@3cb1ffe6]" name="createLeadTest" duration-ms="529" started-at="2018-08-29T20:16:47Z" data-provider="getData" finished-at="2018-08-29T20:16:48Z">
          <params>
            <param index="0">
              <value>
                <![CDATA[{LeadLastName=Wilson, Runmode=Y, LeadCompany=Samsung, Browser=Chrome}]]>
              </value>
            </param>
          </params>
          <exception class="org.testng.SkipException">
            <message>
              <![CDATA[Skipping the test as runmode is N]]>
            </message>
            <full-stacktrace>
              <![CDATA[org.testng.SkipException: Skipping the test as runmode is N
	at com.qtpselenium.zoho.project.testcases.LeadTest1.createLeadTest(LeadTest1.java:28)
	at sun.reflect.NativeMethodAccessorImpl.invoke0(Native Method)
	at sun.reflect.NativeMethodAccessorImpl.invoke(NativeMethodAccessorImpl.java:62)
	at sun.reflect.DelegatingMethodAccessorImpl.invoke(DelegatingMethodAccessorImpl.java:43)
	at java.lang.reflect.Method.invoke(Method.java:498)
	at org.testng.internal.MethodInvocationHelper.invokeMethod(MethodInvocationHelper.java:85)
	at org.testng.internal.Invoker.invokeMethod(Invoker.java:639)
	at org.testng.internal.Invoker.invokeTestMethod(Invoker.java:816)
	at org.testng.internal.TestMethodWithDataProviderMethodWorker.call(TestMethodWithDataProviderMethodWorker.java:75)
	at org.testng.internal.TestMethodWithDataProviderMethodWorker.call(TestMethodWithDataProviderMethodWorker.java:14)
	at java.util.concurrent.FutureTask.run(FutureTask.java:266)
	at java.util.concurrent.Executors$RunnableAdapter.call(Executors.java:511)
	at java.util.concurrent.FutureTask.run(FutureTask.java:266)
	at java.util.concurrent.ThreadPoolExecutor.runWorker(ThreadPoolExecutor.java:1142)
	at java.util.concurrent.ThreadPoolExecutor$Worker.run(ThreadPoolExecutor.java:617)
	at java.lang.Thread.run(Thread.java:748)
]]>
            </full-stacktrace>
          </exception> <!-- org.testng.SkipException -->
          <reporter-output>
          </reporter-output>
        </test-method> <!-- createLeadTest -->
        <test-method status="SKIP" signature="createLeadTest(java.util.Hashtable)[pri:1, instance:com.qtpselenium.zoho.project.testcases.LeadTest1@3cb1ffe6]" name="createLeadTest" duration-ms="452" started-at="2018-08-29T20:16:47Z" data-provider="getData" finished-at="2018-08-29T20:16:48Z">
          <params>
            <param index="0">
              <value>
                <![CDATA[{LeadLastName=Sharma, Runmode=N, LeadCompany=Lenovo, Browser=Chrome}]]>
              </value>
            </param>
          </params>
          <exception class="org.testng.SkipException">
            <message>
              <![CDATA[Skipping the test as runmode is N]]>
            </message>
            <full-stacktrace>
              <![CDATA[org.testng.SkipException: Skipping the test as runmode is N
	at com.qtpselenium.zoho.project.testcases.LeadTest1.createLeadTest(LeadTest1.java:28)
	at sun.reflect.NativeMethodAccessorImpl.invoke0(Native Method)
	at sun.reflect.NativeMethodAccessorImpl.invoke(NativeMethodAccessorImpl.java:62)
	at sun.reflect.DelegatingMethodAccessorImpl.invoke(DelegatingMethodAccessorImpl.java:43)
	at java.lang.reflect.Method.invoke(Method.java:498)
	at org.testng.internal.MethodInvocationHelper.invokeMethod(MethodInvocationHelper.java:85)
	at org.testng.internal.Invoker.invokeMethod(Invoker.java:639)
	at org.testng.internal.Invoker.invokeTestMethod(Invoker.java:816)
	at org.testng.internal.TestMethodWithDataProviderMethodWorker.call(TestMethodWithDataProviderMethodWorker.java:75)
	at org.testng.internal.TestMethodWithDataProviderMethodWorker.call(TestMethodWithDataProviderMethodWorker.java:14)
	at java.util.concurrent.FutureTask.run(FutureTask.java:266)
	at java.util.concurrent.Executors$RunnableAdapter.call(Executors.java:511)
	at java.util.concurrent.FutureTask.run(FutureTask.java:266)
	at java.util.concurrent.ThreadPoolExecutor.runWorker(ThreadPoolExecutor.java:1142)
	at java.util.concurrent.ThreadPoolExecutor$Worker.run(ThreadPoolExecutor.java:617)
	at java.lang.Thread.run(Thread.java:748)
]]>
            </full-stacktrace>
          </exception> <!-- org.testng.SkipException -->
          <reporter-output>
          </reporter-output>
        </test-method> <!-- createLeadTest -->
        <test-method status="PASS" signature="quit()[pri:0, instance:com.qtpselenium.zoho.project.testcases.LeadTest1@3cb1ffe6]" name="quit" is-config="true" duration-ms="445" started-at="2018-08-29T20:16:47Z" finished-at="2018-08-29T20:16:48Z">
          <reporter-output>
          </reporter-output>
        </test-method> <!-- quit -->
        <test-method status="PASS" signature="quit()[pri:0, instance:com.qtpselenium.zoho.project.testcases.LeadTest1@3cb1ffe6]" name="quit" is-config="true" duration-ms="692" started-at="2018-08-29T20:16:47Z" finished-at="2018-08-29T20:16:48Z">
          <reporter-output>
          </reporter-output>
        </test-method> <!-- quit -->
        <test-method status="PASS" signature="quit()[pri:0, instance:com.qtpselenium.zoho.project.testcases.LeadTest1@3cb1ffe6]" name="quit" is-config="true" duration-ms="76" started-at="2018-08-29T20:16:48Z" finished-at="2018-08-29T20:16:48Z">
          <reporter-output>
          </reporter-output>
        </test-method> <!-- quit -->
        <test-method status="PASS" signature="quit()[pri:0, instance:com.qtpselenium.zoho.project.testcases.LeadTest1@3cb1ffe6]" name="quit" is-config="true" duration-ms="60" started-at="2018-08-29T20:16:48Z" finished-at="2018-08-29T20:16:48Z">
          <reporter-output>
          </reporter-output>
        </test-method> <!-- quit -->
        <test-method status="PASS" signature="init()[pri:0, instance:com.qtpselenium.zoho.project.testcases.LeadTest1@3cb1ffe6]" name="init" is-config="true" duration-ms="0" started-at="2018-08-29T20:16:48Z" finished-at="2018-08-29T20:16:48Z">
          <reporter-output>
          </reporter-output>
        </test-method> <!-- init -->
        <test-method status="SKIP" signature="convertLeadTest(java.util.Hashtable)[pri:2, instance:com.qtpselenium.zoho.project.testcases.LeadTest1@3cb1ffe6]" name="convertLeadTest" duration-ms="134" started-at="2018-08-29T20:16:48Z" data-provider="getData" finished-at="2018-08-29T20:16:48Z">
          <params>
            <param index="0">
              <value>
                <![CDATA[{LeadLastName=Wilson, Runmode=Y, LeadCompany=Samsung, Browser=Chrome}]]>
              </value>
            </param>
          </params>
          <exception class="org.testng.SkipException">
            <message>
              <![CDATA[Skipping the test as runmode is N]]>
            </message>
            <full-stacktrace>
              <![CDATA[org.testng.SkipException: Skipping the test as runmode is N
	at com.qtpselenium.zoho.project.testcases.LeadTest1.convertLeadTest(LeadTest1.java:67)
	at sun.reflect.NativeMethodAccessorImpl.invoke0(Native Method)
	at sun.reflect.NativeMethodAccessorImpl.invoke(NativeMethodAccessorImpl.java:62)
	at sun.reflect.DelegatingMethodAccessorImpl.invoke(DelegatingMethodAccessorImpl.java:43)
	at java.lang.reflect.Method.invoke(Method.java:498)
	at org.testng.internal.MethodInvocationHelper.invokeMethod(MethodInvocationHelper.java:85)
	at org.testng.internal.Invoker.invokeMethod(Invoker.java:639)
	at org.testng.internal.Invoker.invokeTestMethod(Invoker.java:816)
	at org.testng.internal.TestMethodWithDataProviderMethodWorker.call(TestMethodWithDataProviderMethodWorker.java:75)
	at org.testng.internal.TestMethodWithDataProviderMethodWorker.call(TestMethodWithDataProviderMethodWorker.java:14)
	at java.util.concurrent.FutureTask.run(FutureTask.java:266)
	at java.util.concurrent.Executors$RunnableAdapter.call(Executors.java:511)
	at java.util.concurrent.FutureTask.run(FutureTask.java:266)
	at java.util.concurrent.ThreadPoolExecutor.runWorker(ThreadPoolExecutor.java:1142)
	at java.util.concurrent.ThreadPoolExecutor$Worker.run(ThreadPoolExecutor.java:617)
	at java.lang.Thread.run(Thread.java:748)
]]>
            </full-stacktrace>
          </exception> <!-- org.testng.SkipException -->
          <reporter-output>
          </reporter-output>
        </test-method> <!-- convertLeadTest -->
        <test-method status="PASS" signature="init()[pri:0, instance:com.qtpselenium.zoho.project.testcases.LeadTest1@3cb1ffe6]" name="init" is-config="true" duration-ms="0" started-at="2018-08-29T20:16:48Z" finished-at="2018-08-29T20:16:48Z">
          <reporter-output>
          </reporter-output>
        </test-method> <!-- init -->
        <test-method status="PASS" signature="init()[pri:0, instance:com.qtpselenium.zoho.project.testcases.LeadTest1@3cb1ffe6]" name="init" is-config="true" duration-ms="4" started-at="2018-08-29T20:16:48Z" finished-at="2018-08-29T20:16:48Z">
          <reporter-output>
          </reporter-output>
        </test-method> <!-- init -->
        <test-method status="SKIP" signature="convertLeadTest(java.util.Hashtable)[pri:2, instance:com.qtpselenium.zoho.project.testcases.LeadTest1@3cb1ffe6]" name="convertLeadTest" duration-ms="122" started-at="2018-08-29T20:16:48Z" data-provider="getData" finished-at="2018-08-29T20:16:48Z">
          <params>
            <param index="0">
              <value>
                <![CDATA[{LeadLastName=Sam, Runmode=N, LeadCompany=Sony, Browser=Mozilla}]]>
              </value>
            </param>
          </params>
          <exception class="org.testng.SkipException">
            <message>
              <![CDATA[Skipping the test as runmode is N]]>
            </message>
            <full-stacktrace>
              <![CDATA[org.testng.SkipException: Skipping the test as runmode is N
	at com.qtpselenium.zoho.project.testcases.LeadTest1.convertLeadTest(LeadTest1.java:67)
	at sun.reflect.NativeMethodAccessorImpl.invoke0(Native Method)
	at sun.reflect.NativeMethodAccessorImpl.invoke(NativeMethodAccessorImpl.java:62)
	at sun.reflect.DelegatingMethodAccessorImpl.invoke(DelegatingMethodAccessorImpl.java:43)
	at java.lang.reflect.Method.invoke(Method.java:498)
	at org.testng.internal.MethodInvocationHelper.invokeMethod(MethodInvocationHelper.java:85)
	at org.testng.internal.Invoker.invokeMethod(Invoker.java:639)
	at org.testng.internal.Invoker.invokeTestMethod(Invoker.java:816)
	at org.testng.internal.TestMethodWithDataProviderMethodWorker.call(TestMethodWithDataProviderMethodWorker.java:75)
	at org.testng.internal.TestMethodWithDataProviderMethodWorker.call(TestMethodWithDataProviderMethodWorker.java:14)
	at java.util.concurrent.FutureTask.run(FutureTask.java:266)
	at java.util.concurrent.Executors$RunnableAdapter.call(Executors.java:511)
	at java.util.concurrent.FutureTask.run(FutureTask.java:266)
	at java.util.concurrent.ThreadPoolExecutor.runWorker(ThreadPoolExecutor.java:1142)
	at java.util.concurrent.ThreadPoolExecutor$Worker.run(ThreadPoolExecutor.java:617)
	at java.lang.Thread.run(Thread.java:748)
]]>
            </full-stacktrace>
          </exception> <!-- org.testng.SkipException -->
          <reporter-output>
          </reporter-output>
        </test-method> <!-- convertLeadTest -->
        <test-method status="PASS" signature="init()[pri:0, instance:com.qtpselenium.zoho.project.testcases.LeadTest1@3cb1ffe6]" name="init" is-config="true" duration-ms="0" started-at="2018-08-29T20:16:48Z" finished-at="2018-08-29T20:16:48Z">
          <reporter-output>
          </reporter-output>
        </test-method> <!-- init -->
        <test-method status="SKIP" signature="convertLeadTest(java.util.Hashtable)[pri:2, instance:com.qtpselenium.zoho.project.testcases.LeadTest1@3cb1ffe6]" name="convertLeadTest" duration-ms="71" started-at="2018-08-29T20:16:48Z" data-provider="getData" finished-at="2018-08-29T20:16:48Z">
          <params>
            <param index="0">
              <value>
                <![CDATA[{LeadLastName=Sharma, Runmode=N, LeadCompany=Lenovo, Browser=Chrome}]]>
              </value>
            </param>
          </params>
          <exception class="org.testng.SkipException">
            <message>
              <![CDATA[Skipping the test as runmode is N]]>
            </message>
            <full-stacktrace>
              <![CDATA[org.testng.SkipException: Skipping the test as runmode is N
	at com.qtpselenium.zoho.project.testcases.LeadTest1.convertLeadTest(LeadTest1.java:67)
	at sun.reflect.NativeMethodAccessorImpl.invoke0(Native Method)
	at sun.reflect.NativeMethodAccessorImpl.invoke(NativeMethodAccessorImpl.java:62)
	at sun.reflect.DelegatingMethodAccessorImpl.invoke(DelegatingMethodAccessorImpl.java:43)
	at java.lang.reflect.Method.invoke(Method.java:498)
	at org.testng.internal.MethodInvocationHelper.invokeMethod(MethodInvocationHelper.java:85)
	at org.testng.internal.Invoker.invokeMethod(Invoker.java:639)
	at org.testng.internal.Invoker.invokeTestMethod(Invoker.java:816)
	at org.testng.internal.TestMethodWithDataProviderMethodWorker.call(TestMethodWithDataProviderMethodWorker.java:75)
	at org.testng.internal.TestMethodWithDataProviderMethodWorker.call(TestMethodWithDataProviderMethodWorker.java:14)
	at java.util.concurrent.FutureTask.run(FutureTask.java:266)
	at java.util.concurrent.Executors$RunnableAdapter.call(Executors.java:511)
	at java.util.concurrent.FutureTask.run(FutureTask.java:266)
	at java.util.concurrent.ThreadPoolExecutor.runWorker(ThreadPoolExecutor.java:1142)
	at java.util.concurrent.ThreadPoolExecutor$Worker.run(ThreadPoolExecutor.java:617)
	at java.lang.Thread.run(Thread.java:748)
]]>
            </full-stacktrace>
          </exception> <!-- org.testng.SkipException -->
          <reporter-output>
          </reporter-output>
        </test-method> <!-- convertLeadTest -->
        <test-method status="SKIP" signature="convertLeadTest(java.util.Hashtable)[pri:2, instance:com.qtpselenium.zoho.project.testcases.LeadTest1@3cb1ffe6]" name="convertLeadTest" duration-ms="2" started-at="2018-08-29T20:16:48Z" data-provider="getData" finished-at="2018-08-29T20:16:48Z">
          <params>
            <param index="0">
              <value>
                <![CDATA[{LeadLastName=Watson, Runmode=N, LeadCompany=HP, Browser=Chrome}]]>
              </value>
            </param>
          </params>
          <exception class="org.testng.SkipException">
            <message>
              <![CDATA[Skipping the test as runmode is N]]>
            </message>
            <full-stacktrace>
              <![CDATA[org.testng.SkipException: Skipping the test as runmode is N
	at com.qtpselenium.zoho.project.testcases.LeadTest1.convertLeadTest(LeadTest1.java:67)
	at sun.reflect.NativeMethodAccessorImpl.invoke0(Native Method)
	at sun.reflect.NativeMethodAccessorImpl.invoke(NativeMethodAccessorImpl.java:62)
	at sun.reflect.DelegatingMethodAccessorImpl.invoke(DelegatingMethodAccessorImpl.java:43)
	at java.lang.reflect.Method.invoke(Method.java:498)
	at org.testng.internal.MethodInvocationHelper.invokeMethod(MethodInvocationHelper.java:85)
	at org.testng.internal.Invoker.invokeMethod(Invoker.java:639)
	at org.testng.internal.Invoker.invokeTestMethod(Invoker.java:816)
	at org.testng.internal.TestMethodWithDataProviderMethodWorker.call(TestMethodWithDataProviderMethodWorker.java:75)
	at org.testng.internal.TestMethodWithDataProviderMethodWorker.call(TestMethodWithDataProviderMethodWorker.java:14)
	at java.util.concurrent.FutureTask.run(FutureTask.java:266)
	at java.util.concurrent.Executors$RunnableAdapter.call(Executors.java:511)
	at java.util.concurrent.FutureTask.run(FutureTask.java:266)
	at java.util.concurrent.ThreadPoolExecutor.runWorker(ThreadPoolExecutor.java:1142)
	at java.util.concurrent.ThreadPoolExecutor$Worker.run(ThreadPoolExecutor.java:617)
	at java.lang.Thread.run(Thread.java:748)
]]>
            </full-stacktrace>
          </exception> <!-- org.testng.SkipException -->
          <reporter-output>
          </reporter-output>
        </test-method> <!-- convertLeadTest -->
        <test-method status="PASS" signature="quit()[pri:0, instance:com.qtpselenium.zoho.project.testcases.LeadTest1@3cb1ffe6]" name="quit" is-config="true" duration-ms="66" started-at="2018-08-29T20:16:48Z" finished-at="2018-08-29T20:16:48Z">
          <reporter-output>
          </reporter-output>
        </test-method> <!-- quit -->
        <test-method status="PASS" signature="quit()[pri:0, instance:com.qtpselenium.zoho.project.testcases.LeadTest1@3cb1ffe6]" name="quit" is-config="true" duration-ms="49" started-at="2018-08-29T20:16:48Z" finished-at="2018-08-29T20:16:48Z">
          <reporter-output>
          </reporter-output>
        </test-method> <!-- quit -->
        <test-method status="PASS" signature="quit()[pri:0, instance:com.qtpselenium.zoho.project.testcases.LeadTest1@3cb1ffe6]" name="quit" is-config="true" duration-ms="121" started-at="2018-08-29T20:16:48Z" finished-at="2018-08-29T20:16:49Z">
          <reporter-output>
          </reporter-output>
        </test-method> <!-- quit -->
        <test-method status="PASS" signature="quit()[pri:0, instance:com.qtpselenium.zoho.project.testcases.LeadTest1@3cb1ffe6]" name="quit" is-config="true" duration-ms="68" started-at="2018-08-29T20:16:48Z" finished-at="2018-08-29T20:16:49Z">
          <reporter-output>
          </reporter-output>
        </test-method> <!-- quit -->
        <test-method status="PASS" signature="init()[pri:0, instance:com.qtpselenium.zoho.project.testcases.LeadTest1@3cb1ffe6]" name="init" is-config="true" duration-ms="0" started-at="2018-08-29T20:16:49Z" finished-at="2018-08-29T20:16:49Z">
          <reporter-output>
          </reporter-output>
        </test-method> <!-- init -->
        <test-method status="SKIP" signature="deleteLeadAccountTest(java.util.Hashtable)[pri:3, instance:com.qtpselenium.zoho.project.testcases.LeadTest1@3cb1ffe6]" name="deleteLeadAccountTest" duration-ms="2" started-at="2018-08-29T20:16:49Z" data-provider="getDataDeleteLead" finished-at="2018-08-29T20:16:49Z">
          <params>
            <param index="0">
              <value>
                <![CDATA[{LeadLastName=Wilson, Runmode=Y, LeadCompany=Samsung, Browser=Chrome}]]>
              </value>
            </param>
          </params>
          <exception class="org.testng.SkipException">
            <message>
              <![CDATA[Skipping the test as runmode is N]]>
            </message>
            <full-stacktrace>
              <![CDATA[org.testng.SkipException: Skipping the test as runmode is N
	at com.qtpselenium.zoho.project.testcases.LeadTest1.deleteLeadAccountTest(LeadTest1.java:105)
	at sun.reflect.NativeMethodAccessorImpl.invoke0(Native Method)
	at sun.reflect.NativeMethodAccessorImpl.invoke(NativeMethodAccessorImpl.java:62)
	at sun.reflect.DelegatingMethodAccessorImpl.invoke(DelegatingMethodAccessorImpl.java:43)
	at java.lang.reflect.Method.invoke(Method.java:498)
	at org.testng.internal.MethodInvocationHelper.invokeMethod(MethodInvocationHelper.java:85)
	at org.testng.internal.Invoker.invokeMethod(Invoker.java:639)
	at org.testng.internal.Invoker.invokeTestMethod(Invoker.java:816)
	at org.testng.internal.TestMethodWithDataProviderMethodWorker.call(TestMethodWithDataProviderMethodWorker.java:75)
	at org.testng.internal.TestMethodWithDataProviderMethodWorker.call(TestMethodWithDataProviderMethodWorker.java:14)
	at java.util.concurrent.FutureTask.run(FutureTask.java:266)
	at java.util.concurrent.Executors$RunnableAdapter.call(Executors.java:511)
	at java.util.concurrent.FutureTask.run(FutureTask.java:266)
	at java.util.concurrent.ThreadPoolExecutor.runWorker(ThreadPoolExecutor.java:1142)
	at java.util.concurrent.ThreadPoolExecutor$Worker.run(ThreadPoolExecutor.java:617)
	at java.lang.Thread.run(Thread.java:748)
]]>
            </full-stacktrace>
          </exception> <!-- org.testng.SkipException -->
          <reporter-output>
          </reporter-output>
        </test-method> <!-- deleteLeadAccountTest -->
        <test-method status="PASS" signature="quit()[pri:0, instance:com.qtpselenium.zoho.project.testcases.LeadTest1@3cb1ffe6]" name="quit" is-config="true" duration-ms="54" started-at="2018-08-29T20:16:49Z" finished-at="2018-08-29T20:16:49Z">
          <reporter-output>
          </reporter-output>
        </test-method> <!-- quit -->
      </class> <!-- com.qtpselenium.zoho.project.testcases.LeadTest1 -->
    </test> <!-- Lead Test -->
  </suite> <!-- SuiteName -->
</testng-results>
